<?xml version="1.0" encoding="UTF-8"?>
<!-- Generated by org.testng.reporters.JUnitReportReporter -->
<testsuite hostname="Pawanpreetkang" failures="0" tests="2" name="testLayer.LoginTest" time="18.439" errors="0" timestamp="2022-09-17T16:19:59 CDT" skipped="0">
  <testcase classname="testLayer.LoginTest" name="LoginTest1" time="14.260"/>
  <system-out/>
  <testcase classname="testLayer.LoginTest" name="LoginTitle" time="4.179"/>
  <system-out/>
</testsuite> <!-- testLayer.LoginTest -->
