<?xml version="1.0" encoding="UTF-8"?>
<!-- Generated by org.testng.reporters.JUnitReportReporter -->
<testsuite hostname="Pawanpreetkang" failures="0" tests="5" name="testLayer.SignupTest" time="176.135" errors="0" timestamp="2022-09-17T16:19:59 CDT" skipped="0">
  <testcase classname="testLayer.SignupTest" name="Title" time="7.823"/>
  <system-out/>
  <testcase classname="testLayer.SignupTest" name="SignupTest1" time="40.771"/>
  <system-out/>
  <testcase classname="testLayer.SignupTest" name="SignupTest1" time="44.878"/>
  <system-out/>
  <testcase classname="testLayer.SignupTest" name="SignupTest1" time="44.229"/>
  <system-out/>
  <testcase classname="testLayer.SignupTest" name="SignupTest1" time="38.434"/>
  <system-out/>
</testsuite> <!-- testLayer.SignupTest -->
