<?xml version="1.0" encoding="UTF-8"?>
<!-- Generated by org.testng.reporters.JUnitReportReporter -->
<testsuite hostname="Pawanpreetkang" failures="0" tests="1" name="testLayer.SortTest" time="9.400" errors="0" timestamp="2022-09-17T16:19:59 CDT" skipped="0">
  <testcase classname="testLayer.SortTest" name="SortTest1" time="9.400"/>
  <system-out/>
</testsuite> <!-- testLayer.SortTest -->
